8 queens on 8 x 8 board 
Start (0,0)
Found queens: [(0, 0), (1, 4), (2, 7), (3, 5), (4, 2), (5, 6), (6, 1), (7, 3)]
Found queens: [(0, 0), (1, 5), (2, 7), (3, 2), (4, 6), (5, 3), (6, 1), (7, 4)]
Found queens: [(0, 0), (1, 6), (2, 3), (3, 5), (4, 7), (5, 1), (6, 4), (7, 2)]
Found queens: [(0, 0), (1, 6), (2, 4), (3, 7), (4, 1), (5, 3), (6, 5), (7, 2)]
End   (0,0) time: 123 seconds
Start (0,1)
Found queens: [(0, 1), (1, 3), (2, 5), (3, 7), (4, 2), (5, 0), (6, 6), (7, 4)]
Found queens: [(0, 1), (1, 4), (2, 6), (3, 0), (4, 2), (5, 7), (6, 5), (7, 3)]
Found queens: [(0, 1), (1, 4), (2, 6), (3, 3), (4, 0), (5, 7), (6, 5), (7, 2)]
Found queens: [(0, 1), (1, 5), (2, 0), (3, 6), (4, 3), (5, 7), (6, 2), (7, 4)]
Found queens: [(0, 1), (1, 5), (2, 7), (3, 2), (4, 0), (5, 3), (6, 6), (7, 4)]
Found queens: [(0, 1), (1, 6), (2, 2), (3, 5), (4, 7), (5, 4), (6, 0), (7, 3)]
Found queens: [(0, 1), (1, 6), (2, 4), (3, 7), (4, 0), (5, 3), (6, 5), (7, 2)]
Found queens: [(0, 1), (1, 7), (2, 5), (3, 0), (4, 2), (5, 4), (6, 6), (7, 3)]
End   (0,1) time: 161 seconds
Start (0,2)
Found queens: [(0, 2), (1, 0), (2, 6), (3, 4), (4, 7), (5, 1), (6, 3), (7, 5)]
Found queens: [(0, 2), (1, 4), (2, 1), (3, 7), (4, 0), (5, 6), (6, 3), (7, 5)]
Found queens: [(0, 2), (1, 4), (2, 1), (3, 7), (4, 5), (5, 3), (6, 6), (7, 0)]
Found queens: [(0, 2), (1, 4), (2, 6), (3, 0), (4, 3), (5, 1), (6, 7), (7, 5)]
Found queens: [(0, 2), (1, 4), (2, 7), (3, 3), (4, 0), (5, 6), (6, 1), (7, 5)]
Found queens: [(0, 2), (1, 5), (2, 1), (3, 4), (4, 7), (5, 0), (6, 6), (7, 3)]
Found queens: [(0, 2), (1, 5), (2, 1), (3, 6), (4, 0), (5, 3), (6, 7), (7, 4)]
Found queens: [(0, 2), (1, 5), (2, 1), (3, 6), (4, 4), (5, 0), (6, 7), (7, 3)]
Found queens: [(0, 2), (1, 5), (2, 3), (3, 0), (4, 7), (5, 4), (6, 6), (7, 1)]
Found queens: [(0, 2), (1, 5), (2, 3), (3, 1), (4, 7), (5, 4), (6, 6), (7, 0)]
Found queens: [(0, 2), (1, 5), (2, 7), (3, 0), (4, 3), (5, 6), (6, 4), (7, 1)]
Found queens: [(0, 2), (1, 5), (2, 7), (3, 0), (4, 4), (5, 6), (6, 1), (7, 3)]
Found queens: [(0, 2), (1, 5), (2, 7), (3, 1), (4, 3), (5, 0), (6, 6), (7, 4)]
Found queens: [(0, 2), (1, 6), (2, 1), (3, 7), (4, 4), (5, 0), (6, 3), (7, 5)]
Found queens: [(0, 2), (1, 6), (2, 1), (3, 7), (4, 5), (5, 3), (6, 0), (7, 4)]
Found queens: [(0, 2), (1, 7), (2, 3), (3, 6), (4, 0), (5, 5), (6, 1), (7, 4)]
End   (0,2) time: 204 seconds
Start (0,3)
Found queens: [(0, 3), (1, 0), (2, 4), (3, 7), (4, 1), (5, 6), (6, 2), (7, 5)]
Found queens: [(0, 3), (1, 0), (2, 4), (3, 7), (4, 5), (5, 2), (6, 6), (7, 1)]
Found queens: [(0, 3), (1, 1), (2, 4), (3, 7), (4, 5), (5, 0), (6, 2), (7, 6)]
Found queens: [(0, 3), (1, 1), (2, 6), (3, 2), (4, 5), (5, 7), (6, 0), (7, 4)]
Found queens: [(0, 3), (1, 1), (2, 6), (3, 2), (4, 5), (5, 7), (6, 4), (7, 0)]
Found queens: [(0, 3), (1, 1), (2, 6), (3, 4), (4, 0), (5, 7), (6, 5), (7, 2)]
Found queens: [(0, 3), (1, 1), (2, 7), (3, 4), (4, 6), (5, 0), (6, 2), (7, 5)]
Found queens: [(0, 3), (1, 1), (2, 7), (3, 5), (4, 0), (5, 2), (6, 4), (7, 6)]
Found queens: [(0, 3), (1, 5), (2, 0), (3, 4), (4, 1), (5, 7), (6, 2), (7, 6)]
Found queens: [(0, 3), (1, 5), (2, 7), (3, 1), (4, 6), (5, 0), (6, 2), (7, 4)]
Found queens: [(0, 3), (1, 5), (2, 7), (3, 2), (4, 0), (5, 6), (6, 4), (7, 1)]
Found queens: [(0, 3), (1, 6), (2, 0), (3, 7), (4, 4), (5, 1), (6, 5), (7, 2)]
Found queens: [(0, 3), (1, 6), (2, 2), (3, 7), (4, 1), (5, 4), (6, 0), (7, 5)]
Found queens: [(0, 3), (1, 6), (2, 4), (3, 1), (4, 5), (5, 0), (6, 2), (7, 7)]
Found queens: [(0, 3), (1, 6), (2, 4), (3, 2), (4, 0), (5, 5), (6, 7), (7, 1)]
Found queens: [(0, 3), (1, 7), (2, 0), (3, 2), (4, 5), (5, 1), (6, 6), (7, 4)]
Found queens: [(0, 3), (1, 7), (2, 0), (3, 4), (4, 6), (5, 1), (6, 5), (7, 2)]
Found queens: [(0, 3), (1, 7), (2, 4), (3, 2), (4, 0), (5, 6), (6, 1), (7, 5)]
End   (0,3) time: 205 seconds
Start (0,4)
Found queens: [(0, 4), (1, 0), (2, 3), (3, 5), (4, 7), (5, 1), (6, 6), (7, 2)]
Found queens: [(0, 4), (1, 0), (2, 7), (3, 3), (4, 1), (5, 6), (6, 2), (7, 5)]
Found queens: [(0, 4), (1, 0), (2, 7), (3, 5), (4, 2), (5, 6), (6, 1), (7, 3)]
Found queens: [(0, 4), (1, 1), (2, 3), (3, 5), (4, 7), (5, 2), (6, 0), (7, 6)]
Found queens: [(0, 4), (1, 1), (2, 3), (3, 6), (4, 2), (5, 7), (6, 5), (7, 0)]
Found queens: [(0, 4), (1, 1), (2, 5), (3, 0), (4, 6), (5, 3), (6, 7), (7, 2)]
Found queens: [(0, 4), (1, 1), (2, 7), (3, 0), (4, 3), (5, 6), (6, 2), (7, 5)]
Found queens: [(0, 4), (1, 2), (2, 0), (3, 5), (4, 7), (5, 1), (6, 3), (7, 6)]
Found queens: [(0, 4), (1, 2), (2, 0), (3, 6), (4, 1), (5, 7), (6, 5), (7, 3)]
Found queens: [(0, 4), (1, 2), (2, 7), (3, 3), (4, 6), (5, 0), (6, 5), (7, 1)]
Found queens: [(0, 4), (1, 6), (2, 0), (3, 2), (4, 7), (5, 5), (6, 3), (7, 1)]
Found queens: [(0, 4), (1, 6), (2, 0), (3, 3), (4, 1), (5, 7), (6, 5), (7, 2)]
Found queens: [(0, 4), (1, 6), (2, 1), (3, 3), (4, 7), (5, 0), (6, 2), (7, 5)]
Found queens: [(0, 4), (1, 6), (2, 1), (3, 5), (4, 2), (5, 0), (6, 3), (7, 7)]
Found queens: [(0, 4), (1, 6), (2, 1), (3, 5), (4, 2), (5, 0), (6, 7), (7, 3)]
Found queens: [(0, 4), (1, 6), (2, 3), (3, 0), (4, 2), (5, 7), (6, 5), (7, 1)]
Found queens: [(0, 4), (1, 7), (2, 3), (3, 0), (4, 2), (5, 5), (6, 1), (7, 6)]
Found queens: [(0, 4), (1, 7), (2, 3), (3, 0), (4, 6), (5, 1), (6, 5), (7, 2)]
End   (0,4) time: 209 seconds
Start (0,5)
Found queens: [(0, 5), (1, 0), (2, 4), (3, 1), (4, 7), (5, 2), (6, 6), (7, 3)]
Found queens: [(0, 5), (1, 1), (2, 6), (3, 0), (4, 2), (5, 4), (6, 7), (7, 3)]
Found queens: [(0, 5), (1, 1), (2, 6), (3, 0), (4, 3), (5, 7), (6, 4), (7, 2)]
Found queens: [(0, 5), (1, 2), (2, 0), (3, 6), (4, 4), (5, 7), (6, 1), (7, 3)]
Found queens: [(0, 5), (1, 2), (2, 0), (3, 7), (4, 3), (5, 1), (6, 6), (7, 4)]
Found queens: [(0, 5), (1, 2), (2, 0), (3, 7), (4, 4), (5, 1), (6, 3), (7, 6)]
Found queens: [(0, 5), (1, 2), (2, 4), (3, 6), (4, 0), (5, 3), (6, 1), (7, 7)]
Found queens: [(0, 5), (1, 2), (2, 4), (3, 7), (4, 0), (5, 3), (6, 1), (7, 6)]
Found queens: [(0, 5), (1, 2), (2, 6), (3, 1), (4, 3), (5, 7), (6, 0), (7, 4)]
Found queens: [(0, 5), (1, 2), (2, 6), (3, 1), (4, 7), (5, 4), (6, 0), (7, 3)]
Found queens: [(0, 5), (1, 2), (2, 6), (3, 3), (4, 0), (5, 7), (6, 1), (7, 4)]
Found queens: [(0, 5), (1, 3), (2, 0), (3, 4), (4, 7), (5, 1), (6, 6), (7, 2)]
Found queens: [(0, 5), (1, 3), (2, 1), (3, 7), (4, 4), (5, 6), (6, 0), (7, 2)]
Found queens: [(0, 5), (1, 3), (2, 6), (3, 0), (4, 2), (5, 4), (6, 1), (7, 7)]
Found queens: [(0, 5), (1, 3), (2, 6), (3, 0), (4, 7), (5, 1), (6, 4), (7, 2)]
Found queens: [(0, 5), (1, 7), (2, 1), (3, 3), (4, 0), (5, 6), (6, 4), (7, 2)]
End   (0,5) time: 209 seconds
Start (0,6)
Found queens: [(0, 6), (1, 0), (2, 2), (3, 7), (4, 5), (5, 3), (6, 1), (7, 4)]
Found queens: [(0, 6), (1, 1), (2, 3), (3, 0), (4, 7), (5, 4), (6, 2), (7, 5)]
Found queens: [(0, 6), (1, 1), (2, 5), (3, 2), (4, 0), (5, 3), (6, 7), (7, 4)]
Found queens: [(0, 6), (1, 2), (2, 0), (3, 5), (4, 7), (5, 4), (6, 1), (7, 3)]
Found queens: [(0, 6), (1, 2), (2, 7), (3, 1), (4, 4), (5, 0), (6, 5), (7, 3)]
Found queens: [(0, 6), (1, 3), (2, 1), (3, 4), (4, 7), (5, 0), (6, 2), (7, 5)]
Found queens: [(0, 6), (1, 3), (2, 1), (3, 7), (4, 5), (5, 0), (6, 2), (7, 4)]
Found queens: [(0, 6), (1, 4), (2, 2), (3, 0), (4, 5), (5, 7), (6, 1), (7, 3)]
End   (0,6) time: 173 seconds
Start (0,7)
Found queens: [(0, 7), (1, 1), (2, 3), (3, 0), (4, 6), (5, 4), (6, 2), (7, 5)]
Found queens: [(0, 7), (1, 1), (2, 4), (3, 2), (4, 0), (5, 6), (6, 3), (7, 5)]
Found queens: [(0, 7), (1, 2), (2, 0), (3, 5), (4, 1), (5, 4), (6, 6), (7, 3)]
Found queens: [(0, 7), (1, 3), (2, 0), (3, 2), (4, 5), (5, 1), (6, 6), (7, 4)]
End   (0,7) time: 131 seconds
Total time: 1419 seconds
Total solutions: 92
Found queens (fundamental): [(0, 0), (1, 4), (2, 7), (3, 5), (4, 2), (5, 6), (6, 1), (7, 3)]
Found queens (fundamental): [(0, 0), (1, 5), (2, 7), (3, 2), (4, 6), (5, 3), (6, 1), (7, 4)]
Found queens (fundamental): [(0, 1), (1, 3), (2, 5), (3, 7), (4, 2), (5, 0), (6, 6), (7, 4)]
Found queens (fundamental): [(0, 1), (1, 4), (2, 6), (3, 0), (4, 2), (5, 7), (6, 5), (7, 3)]
Found queens (fundamental): [(0, 1), (1, 4), (2, 6), (3, 3), (4, 0), (5, 7), (6, 5), (7, 2)]
Found queens (fundamental): [(0, 1), (1, 5), (2, 0), (3, 6), (4, 3), (5, 7), (6, 2), (7, 4)]
Found queens (fundamental): [(0, 1), (1, 5), (2, 7), (3, 2), (4, 0), (5, 3), (6, 6), (7, 4)]
Found queens (fundamental): [(0, 1), (1, 6), (2, 2), (3, 5), (4, 7), (5, 4), (6, 0), (7, 3)]
Found queens (fundamental): [(0, 1), (1, 6), (2, 4), (3, 7), (4, 0), (5, 3), (6, 5), (7, 2)]
Found queens (fundamental): [(0, 2), (1, 4), (2, 1), (3, 7), (4, 0), (5, 6), (6, 3), (7, 5)]
Found queens (fundamental): [(0, 2), (1, 4), (2, 7), (3, 3), (4, 0), (5, 6), (6, 1), (7, 5)]
Found queens (fundamental): [(0, 2), (1, 5), (2, 1), (3, 4), (4, 7), (5, 0), (6, 6), (7, 3)]
Total fundamental solutions: 12
